<?xml version="1.0" encoding="UTF-8"?>
<!-- Generated by org.testng.reporters.JUnitReportReporter -->
<testsuite name="com.testcases.UploadFileUsingRobot" tests="1" time="18.474" ignored="0" failures="0" timestamp="28 Jun 2021 03:27:01 GMT" skipped="0" hostname="Kalyani" errors="0">
  <testcase name="test" time="18.474" classname="com.testcases.UploadFileUsingRobot"/>
</testsuite> <!-- com.testcases.UploadFileUsingRobot -->
