<?xml version="1.0" encoding="UTF-8"?>
<!-- Generated by org.testng.reporters.JUnitReportReporter -->
<testsuite name="uploadFiles.UploadUsingSenkeys" tests="1" time="8.219" ignored="0" failures="0" timestamp="28 Jun 2021 04:46:23 GMT" skipped="0" hostname="Kalyani" errors="0">
  <testcase name="upload" time="8.219" classname="uploadFiles.UploadUsingSenkeys"/>
</testsuite> <!-- uploadFiles.UploadUsingSenkeys -->
