<?xml version="1.0" encoding="UTF-8"?>
<!-- Generated by org.testng.reporters.JUnitReportReporter -->
<testsuite name="com.testcases.RegisterTest" tests="1" time="23.473" ignored="19" failures="0" timestamp="25 Jun 2021 08:53:00 GMT" skipped="0" hostname="Kalyani" errors="0">
  <testcase name="verifylanguagesSelected" time="23.473" classname="com.testcases.RegisterTest"/>
  <testcase name="verifyNoOfCountries" classname="com.testcases.RegisterTest">
    <skipped/>
  </testcase> <!-- verifyNoOfCountries -->
  <testcase name="verifyNoOfDays" classname="com.testcases.RegisterTest">
    <skipped/>
  </testcase> <!-- verifyNoOfDays -->
  <testcase name="verifyListOfCountries" classname="com.testcases.RegisterTest">
    <skipped/>
  </testcase> <!-- verifyListOfCountries -->
  <testcase name="verifyListOfHobbies" classname="com.testcases.RegisterTest">
    <skipped/>
  </testcase> <!-- verifyListOfHobbies -->
  <testcase name="verifyNoOfMonths" classname="com.testcases.RegisterTest">
    <skipped/>
  </testcase> <!-- verifyNoOfMonths -->
  <testcase name="verifyFooterText" classname="com.testcases.RegisterTest">
    <skipped/>
  </testcase> <!-- verifyFooterText -->
  <testcase name="verifyHeading" classname="com.testcases.RegisterTest">
    <skipped/>
  </testcase> <!-- verifyHeading -->
  <testcase name="verifyListOfDay" classname="com.testcases.RegisterTest">
    <skipped/>
  </testcase> <!-- verifyListOfDay -->
  <testcase name="verifyDateOfBirthPlaceholder" classname="com.testcases.RegisterTest">
    <skipped/>
  </testcase> <!-- verifyDateOfBirthPlaceholder -->
  <testcase name="verifyFirstAndLastNamePlaceholder" classname="com.testcases.RegisterTest">
    <skipped/>
  </testcase> <!-- verifyFirstAndLastNamePlaceholder -->
  <testcase name="verifySubHeading" classname="com.testcases.RegisterTest">
    <skipped/>
  </testcase> <!-- verifySubHeading -->
  <testcase name="verifyLabelsOfRegPg" classname="com.testcases.RegisterTest">
    <skipped/>
  </testcase> <!-- verifyLabelsOfRegPg -->
  <testcase name="verifyNoOfSelectCountries" classname="com.testcases.RegisterTest">
    <skipped/>
  </testcase> <!-- verifyNoOfSelectCountries -->
  <testcase name="verifyListOfMonth" classname="com.testcases.RegisterTest">
    <skipped/>
  </testcase> <!-- verifyListOfMonth -->
  <testcase name="verifyOneOfSelectCountry" classname="com.testcases.RegisterTest">
    <skipped/>
  </testcase> <!-- verifyOneOfSelectCountry -->
  <testcase name="verifyNoOfYears" classname="com.testcases.RegisterTest">
    <skipped/>
  </testcase> <!-- verifyNoOfYears -->
  <testcase name="verifyTitleOfRegPg" classname="com.testcases.RegisterTest">
    <skipped/>
  </testcase> <!-- verifyTitleOfRegPg -->
  <testcase name="verifyListOfSkills" classname="com.testcases.RegisterTest">
    <skipped/>
  </testcase> <!-- verifyListOfSkills -->
  <testcase name="verifyListOfYear" classname="com.testcases.RegisterTest">
    <skipped/>
  </testcase> <!-- verifyListOfYear -->
</testsuite> <!-- com.testcases.RegisterTest -->
