<?xml version="1.0" encoding="UTF-8"?>
<!-- Generated by org.testng.reporters.JUnitReportReporter -->
<testsuite name="uploadFiles.UploadFileUsingRobot" tests="1" time="19.486" ignored="0" failures="0" timestamp="28 Jun 2021 05:45:04 GMT" skipped="0" hostname="Kalyani" errors="0">
  <testcase name="test" time="19.486" classname="uploadFiles.UploadFileUsingRobot"/>
</testsuite> <!-- uploadFiles.UploadFileUsingRobot -->
